# JRE version: OpenJDK Runtime Environment Corretto-17.0.15.6.1 (17.0.15+6) (build 17.0.15+6-LTS)
# Java VM: OpenJDK 64-Bit Server VM Corretto-17.0.15.6.1 (17.0.15+6-LTS, mixed mode, sharing, tiered, compressed oops, compressed class ptrs, g1 gc, windows-amd64)
GC Precious Log:
 CPUs: 4 total, 4 available
 Memory: 8092M
 Large Page Support: Disabled
 NUMA Support: Disabled
 Compressed Oops: Enabled (Zero based)
 Heap Region Size: 2M
 Heap Min Capacity: 8M
 Heap Initial Capacity: 128M
 Heap Max Capacity: 4G
 Pre-touch: Disabled
 Parallel Workers: 4
 Concurrent Workers: 1
 Concurrent Refinement Workers: 4
 Periodic GC: Disabled
Heap:
 garbage-first heap   total 608256K, used 500880K [0x0000000700000000, 0x0000000800000000)
  region size 2048K, 16 young (32768K), 4 survivors (8192K)
 Metaspace       used 123479K, committed 125056K, reserved 1179648K
  class space    used 16860K, committed 17600K, reserved 1048576K
GC Heap History (20 events):
Event: 55.784 GC heap before
{Heap before GC invocations=49 (full 0):
 garbage-first heap   total 382976K, used 307704K [0x0000000700000000, 0x0000000800000000)
  region size 2048K, 59 young (120832K), 3 survivors (6144K)
 Metaspace       used 112657K, committed 113984K, reserved 1179648K
  class space    used 15483K, committed 16064K, reserved 1048576K
}
Event: 55.802 GC heap after
{Heap after GC invocations=50 (full 0):
 garbage-first heap   total 382976K, used 207983K [0x0000000700000000, 0x0000000800000000)
  region size 2048K, 8 young (16384K), 8 survivors (16384K)
 Metaspace       used 112657K, committed 113984K, reserved 1179648K
  class space    used 15483K, committed 16064K, reserved 1048576K
}
Event: 57.445 GC heap before
{Heap before GC invocations=50 (full 0):
 garbage-first heap   total 382976K, used 306287K [0x0000000700000000, 0x0000000800000000)
  region size 2048K, 56 young (114688K), 8 survivors (16384K)
 Metaspace       used 113386K, committed 114816K, reserved 1179648K
  class space    used 15582K, committed 16256K, reserved 1048576K
}
Event: 57.468 GC heap after
{Heap after GC invocations=51 (full 0):
 garbage-first heap   total 382976K, used 214633K [0x0000000700000000, 0x0000000800000000)
  region size 2048K, 6 young (12288K), 6 survivors (12288K)
 Metaspace       used 113386K, committed 114816K, reserved 1179648K
  class space    used 15582K, committed 16256K, reserved 1048576K
}
Event: 58.568 GC heap before
{Heap before GC invocations=51 (full 0):
 garbage-first heap   total 382976K, used 304745K [0x0000000700000000, 0x0000000800000000)
  region size 2048K, 51 young (104448K), 6 survivors (12288K)
 Metaspace       used 113389K, committed 114816K, reserved 1179648K
  class space    used 15583K, committed 16256K, reserved 1048576K
}
Event: 58.588 GC heap after
{Heap after GC invocations=52 (full 0):
 garbage-first heap   total 382976K, used 217379K [0x0000000700000000, 0x0000000800000000)
  region size 2048K, 3 young (6144K), 3 survivors (6144K)
 Metaspace       used 113389K, committed 114816K, reserved 1179648K
  class space    used 15583K, committed 16256K, reserved 1048576K
}
Event: 60.057 GC heap before
{Heap before GC invocations=52 (full 0):
 garbage-first heap   total 382976K, used 311587K [0x0000000700000000, 0x0000000800000000)
  region size 2048K, 49 young (100352K), 3 survivors (6144K)
 Metaspace       used 113660K, committed 115072K, reserved 1179648K
  class space    used 15613K, committed 16320K, reserved 1048576K
}
Event: 60.073 GC heap after
{Heap after GC invocations=53 (full 0):
 garbage-first heap   total 382976K, used 230015K [0x0000000700000000, 0x0000000800000000)
  region size 2048K, 7 young (14336K), 7 survivors (14336K)
 Metaspace       used 113660K, committed 115072K, reserved 1179648K
  class space    used 15613K, committed 16320K, reserved 1048576K
}
Event: 61.026 GC heap before
{Heap before GC invocations=53 (full 0):
 garbage-first heap   total 382976K, used 307839K [0x0000000700000000, 0x0000000800000000)
  region size 2048K, 46 young (94208K), 7 survivors (14336K)
 Metaspace       used 113968K, committed 115392K, reserved 1179648K
  class space    used 15653K, committed 16320K, reserved 1048576K
}
Event: 61.046 GC heap after
{Heap after GC invocations=54 (full 0):
 garbage-first heap   total 382976K, used 236758K [0x0000000700000000, 0x0000000800000000)
  region size 2048K, 5 young (10240K), 5 survivors (10240K)
 Metaspace       used 113968K, committed 115392K, reserved 1179648K
  class space    used 15653K, committed 16320K, reserved 1048576K
}
Event: 61.816 GC heap before
{Heap before GC invocations=54 (full 0):
 garbage-first heap   total 382976K, used 308438K [0x0000000700000000, 0x0000000800000000)
  region size 2048K, 41 young (83968K), 5 survivors (10240K)
 Metaspace       used 114081K, committed 115584K, reserved 1179648K
  class space    used 15661K, committed 16384K, reserved 1048576K
}
Event: 61.834 GC heap after
{Heap after GC invocations=55 (full 0):
 garbage-first heap   total 382976K, used 240309K [0x0000000700000000, 0x0000000800000000)
  region size 2048K, 4 young (8192K), 4 survivors (8192K)
 Metaspace       used 114081K, committed 115584K, reserved 1179648K
  class space    used 15661K, committed 16384K, reserved 1048576K
}
Event: 62.748 GC heap before
{Heap before GC invocations=55 (full 0):
 garbage-first heap   total 382976K, used 314037K [0x0000000700000000, 0x0000000800000000)
  region size 2048K, 41 young (83968K), 4 survivors (8192K)
 Metaspace       used 114689K, committed 116160K, reserved 1179648K
  class space    used 15740K, committed 16448K, reserved 1048576K
}
Event: 62.766 GC heap after
{Heap after GC invocations=56 (full 0):
 garbage-first heap   total 460800K, used 248050K [0x0000000700000000, 0x0000000800000000)
  region size 2048K, 6 young (12288K), 6 survivors (12288K)
 Metaspace       used 114689K, committed 116160K, reserved 1179648K
  class space    used 15740K, committed 16448K, reserved 1048576K
}
Event: 66.174 GC heap before
{Heap before GC invocations=56 (full 0):
 garbage-first heap   total 460800K, used 375026K [0x0000000700000000, 0x0000000800000000)
  region size 2048K, 68 young (139264K), 6 survivors (12288K)
 Metaspace       used 120854K, committed 122368K, reserved 1179648K
  class space    used 16576K, committed 17280K, reserved 1048576K
}
Event: 66.211 GC heap after
{Heap after GC invocations=57 (full 0):
 garbage-first heap   total 460800K, used 261823K [0x0000000700000000, 0x0000000800000000)
  region size 2048K, 7 young (14336K), 7 survivors (14336K)
 Metaspace       used 120854K, committed 122368K, reserved 1179648K
  class space    used 16576K, committed 17280K, reserved 1048576K
}
Event: 69.067 GC heap before
{Heap before GC invocations=57 (full 0):
 garbage-first heap   total 460800K, used 376511K [0x0000000700000000, 0x0000000800000000)
  region size 2048K, 63 young (129024K), 7 survivors (14336K)
 Metaspace       used 122225K, committed 123712K, reserved 1179648K
  class space    used 16726K, committed 17408K, reserved 1048576K
}
Event: 69.100 GC heap after
{Heap after GC invocations=58 (full 0):
 garbage-first heap   total 460800K, used 272092K [0x0000000700000000, 0x0000000800000000)
  region size 2048K, 5 young (10240K), 5 survivors (10240K)
 Metaspace       used 122225K, committed 123712K, reserved 1179648K
  class space    used 16726K, committed 17408K, reserved 1048576K
}
Event: 72.951 GC heap before
{Heap before GC invocations=58 (full 0):
 garbage-first heap   total 460800K, used 321244K [0x0000000700000000, 0x0000000800000000)
  region size 2048K, 31 young (63488K), 5 survivors (10240K)
 Metaspace       used 123130K, committed 124672K, reserved 1179648K
  class space    used 16840K, committed 17536K, reserved 1048576K
}
Event: 72.980 GC heap after
{Heap after GC invocations=59 (full 0):
 garbage-first heap   total 460800K, used 279696K [0x0000000700000000, 0x0000000800000000)
  region size 2048K, 4 young (8192K), 4 survivors (8192K)
 Metaspace       used 123130K, committed 124672K, reserved 1179648K
  class space    used 16840K, committed 17536K, reserved 1048576K
}

